<?xml version="1.0" encoding="UTF-8"?>
<testng-results ignored="0" total="1" passed="1" failed="0" skipped="0">
  <reporter-output>
  </reporter-output>
  <suite started-at="2018-05-12T18:40:11Z" name="Suite" finished-at="2018-05-12T18:40:14Z" duration-ms="2785">
    <groups>
    </groups>
    <test started-at="2018-05-12T18:40:11Z" name="Test" finished-at="2018-05-12T18:40:14Z" duration-ms="2785">
      <class name="com.project.TestEx">
        <test-method signature="Browser()[pri:0, instance:com.project.TestEx@243c4f91]" started-at="2018-05-12T18:40:11Z" name="Browser" finished-at="2018-05-12T18:40:14Z" duration-ms="2753" status="PASS">
          <reporter-output>
          </reporter-output>
        </test-method> <!-- Browser -->
      </class> <!-- com.project.TestEx -->
    </test> <!-- Test -->
  </suite> <!-- Suite -->
</testng-results>
