<?xml version="1.0" encoding="UTF-8"?>
<testng-results ignored="0" total="1" passed="1" failed="0" skipped="0">
  <reporter-output>
  </reporter-output>
  <suite started-at="2018-05-12T18:37:46Z" name="Default suite" finished-at="2018-05-12T18:37:49Z" duration-ms="3700">
    <groups>
    </groups>
    <test started-at="2018-05-12T18:37:46Z" name="Default test" finished-at="2018-05-12T18:37:49Z" duration-ms="3700">
      <class name="com.project.TestEx">
        <test-method signature="Browser()[pri:0, instance:com.project.TestEx@385e9564]" started-at="2018-05-12T18:37:46Z" name="Browser" finished-at="2018-05-12T18:37:49Z" duration-ms="3672" status="PASS">
          <reporter-output>
          </reporter-output>
        </test-method> <!-- Browser -->
      </class> <!-- com.project.TestEx -->
    </test> <!-- Default test -->
  </suite> <!-- Default suite -->
</testng-results>
